<?xml version="1.0" encoding="UTF-8" ?>
<testsuites>
 <testsuite name="padString test" timestamp="2017-10-28T17:08:28" hostname="localhost" time="0.005" errors="0" tests="1" skipped="0" disabled="0" failures="1">
  <testcase classname="padString test" name="returns zero padding string when string is shorter than 2" time="0.004">
   <failure type="toEqual" message="Expected &apos;02&apos; to equal &apos;01&apos;."><![CDATA[Error: Expected '02' to equal '01'.
    at stack (c:\git\camlsql-js\node_modules\jasmine-core\lib\jasmine-core\jasmine.js:2338:17)
    at buildExpectationResult (c:\git\camlsql-js\node_modules\jasmine-core\lib\jasmine-core\jasmine.js:2308:14)
    at Spec.expectationResultFactory (c:\git\camlsql-js\node_modules\jasmine-core\lib\jasmine-core\jasmine.js:858:18)
    at Spec.addExpectationResult (c:\git\camlsql-js\node_modules\jasmine-core\lib\jasmine-core\jasmine.js:487:34)
    at Expectation.addExpectationResult (c:\git\camlsql-js\node_modules\jasmine-core\lib\jasmine-core\jasmine.js:802:21)
    at Expectation.toEqual (c:\git\camlsql-js\node_modules\jasmine-core\lib\jasmine-core\jasmine.js:2252:12)
    at UserContext.<anonymous> (c:\git\camlsql-js\spec\padstring.js:6:18)
    at attempt (c:\git\camlsql-js\node_modules\jasmine-core\lib\jasmine-core\jasmine.js:4289:46)
    at QueueRunner.run (c:\git\camlsql-js\node_modules\jasmine-core\lib\jasmine-core\jasmine.js:4217:20)
    at QueueRunner.execute (c:\git\camlsql-js\node_modules\jasmine-core\lib\jasmine-core\jasmine.js:4199:10)
    at Spec.queueRunnerFactory (c:\git\camlsql-js\node_modules\jasmine-core\lib\jasmine-core\jasmine.js:909:35)
    at Spec.execute (c:\git\camlsql-js\node_modules\jasmine-core\lib\jasmine-core\jasmine.js:526:10)
    at UserContext.fn (c:\git\camlsql-js\node_modules\jasmine-core\lib\jasmine-core\jasmine.js:5340:37)
    at attempt (c:\git\camlsql-js\node_modules\jasmine-core\lib\jasmine-core\jasmine.js:4297:26)
    at QueueRunner.run (c:\git\camlsql-js\node_modules\jasmine-core\lib\jasmine-core\jasmine.js:4217:20)
    at QueueRunner.execute (c:\git\camlsql-js\node_modules\jasmine-core\lib\jasmine-core\jasmine.js:4199:10)]]>
   </failure>
  </testcase>
 </testsuite>
</testsuites>